<?xml version="1.0" encoding="UTF-8"?>
<!-- Generated by org.testng.reporters.JUnitReportReporter -->
<testsuite hostname="LAPTOP-J8BKA7IJ" failures="0" tests="1" name="com.TestRunner_Demo.TestRunner" time="25.358" errors="0" timestamp="17 Oct 2020 14:42:30 GMT" skipped="0">
  <testcase classname="com.TestRunner_Demo.TestRunner" name="feature" time="25.358"/>
</testsuite> <!-- com.TestRunner_Demo.TestRunner -->
