<?xml version="1.0" encoding="UTF-8"?>
<!-- Generated by org.testng.reporters.JUnitReportReporter -->
<testsuite hostname="LAPTOP-J8BKA7IJ" failures="0" tests="1" name="com.TestRunner_Demo.TestRunner" time="19.630" errors="0" timestamp="18 Oct 2020 03:18:56 GMT" skipped="0">
  <testcase classname="com.TestRunner_Demo.TestRunner" name="feature" time="19.630"/>
</testsuite> <!-- com.TestRunner_Demo.TestRunner -->
